G425gat: 2
G420gat: 1
G415gat: 875775789
G399gat: 4
G386gat: 6
G380gat: 1
G374gat: 1
G373gat: 1
G372gat: 1
G371gat: 1
G357gat: 2
G356gat: 1
G355gat: 1
G377gat: 1
G351gat: 1
G349gat: 1
G346gat: 1
G345gat: 1
G343gat: 1
G341gat: 1
G340gat: 1
G339gat: 1
G347gat: 1
G338gat: 1
G336gat: 1
G335gat: 1
G334gat: 1
G333gat: 1
G332gat: 1
G331gat: 1
G330gat: 1
G376gat: 1
G319gat: 9
G307gat: 1
G404gat: 2
G306gat: 1
G305gat: 1
G303gat: 1
G302gat: 1
G378gat: 1
G301gat: 1
G300gat: 1
G296gat: 3
G295gat: 1
G291gat: 1
G289gat: 1
G293gat: 1
G279gat: 2
G276gat: 2
G381gat: 4
G273gat: 2
G418gat: 745824616
G270gat: 2
G354gat: 1
G264gat: 2
G263gat: 1
G259gat: 1
G257gat: 1
G256gat: 1
G282gat: 2
G255gat: 1
G414gat: 1
G251gat: 2
G260gat: 2
G250gat: 1
G304gat: 1
G247gat: 2
G243gat: 2
G308gat: 1
G122gat: 1
G17gat: 3
G119gat: 2
G352gat: 1
G329gat: 0
G227gat: 2
G21gat: 2
G353gat: 1
G288gat: 1
G370gat: 0
G223gat: 0
G108gat: 3
G430gat: 0
G105gat: 2
G417gat: 745824616
G189gat: 1
G233gat: 2
G375gat: 1
G102gat: 2
G95gat: 3
G127gat: 2
G246gat: 1
G115gat: 2
G416gat: 1
G292gat: 1
G56gat: 3
G158gat: 1
G428gat: 959661869
G92gat: 2
G99gat: 2
G82gat: 3
G432gat: 0
G254gat: 1
G138gat: 1
G4gat: 3
G431gat: 0
G150gat: 1
G258gat: 1
G165gat: 2
G180gat: 2
G1gat: 2
G360gat: 9
G79gat: 2
G342gat: 1
G60gat: 2
G407gat: 3
G24gat: 2
G14gat: 2
G134gat: 1
G344gat: 1
G118gat: 1
G63gat: 2
G419gat: 1
G393gat: 5
G11gat: 2
G190gat: 1
G89gat: 2
G294gat: 1
G146gat: 1
G199gat: 3
G53gat: 2
G290gat: 1
G66gat: 2
G309gat: 9
G40gat: 2
G27gat: 2
G151gat: 2
G193gat: 1
G43gat: 3
G242gat: 745824616
G112gat: 2
G76gat: 2
G69gat: 3
G47gat: 2
G123gat: 2
G126gat: 1
G142gat: 1
G285gat: 2
G130gat: 1
G379gat: 1
G135gat: 2
G131gat: 2
G154gat: 2
G50gat: 2
G30gat: 3
G143gat: 2
G348gat: 1
G147gat: 2
G162gat: 2
G198gat: 1
G157gat: 1
G159gat: 2
G171gat: 2
G34gat: 2
G183gat: 1
G213gat: 9
G168gat: 2
G186gat: 1
G429gat: 1
G196gat: 1
G421gat: 0
G174gat: 2
G422gat: 2
G177gat: 2
G267gat: 2
G184gat: 1
G185gat: 1
G350gat: 1
G73gat: 2
G139gat: 2
G187gat: 1
G86gat: 2
G188gat: 1
G191gat: 1
G192gat: 1
G194gat: 1
G411gat: 2
G195gat: 1
G337gat: 1
G8gat: 2
G197gat: 1
G203gat: 9
G37gat: 2
G224gat: 2
G230gat: 2
G239gat: 2
G236gat: 2
